# JRE version: Java(TM) SE Runtime Environment 18.9 (11.0.9+7) (build 11.0.9+7-LTS)
# Java VM: Java HotSpot(TM) 64-Bit Server VM 18.9 (11.0.9+7-LTS, mixed mode, tiered, compressed oops, g1 gc, windows-amd64)
Heap:
 garbage-first heap   total 131072K, used 3783K [0x0000000081e00000, 0x0000000100000000)
  region size 1024K, 5 young (5120K), 1 survivors (1024K)
 Metaspace       used 4294K, capacity 4630K, committed 4864K, reserved 1056768K
  class space    used 374K, capacity 390K, committed 512K, reserved 1048576K
GC Heap History (10 events):
Event: 35959.825 GC heap before
{Heap before GC invocations=6464 (full 0):
 garbage-first heap   total 131072K, used 77463K [0x0000000081e00000, 0x0000000100000000)
  region size 1024K, 76 young (77824K), 1 survivors (1024K)
 Metaspace       used 4294K, capacity 4630K, committed 4864K, reserved 1056768K
  class space    used 374K, capacity 390K, committed 512K, reserved 1048576K
}
Event: 35959.826 GC heap after
{Heap after GC invocations=6465 (full 0):
 garbage-first heap   total 131072K, used 667K [0x0000000081e00000, 0x0000000100000000)
  region size 1024K, 1 young (1024K), 1 survivors (1024K)
 Metaspace       used 4294K, capacity 4630K, committed 4864K, reserved 1056768K
  class space    used 374K, capacity 390K, committed 512K, reserved 1048576K
}
Event: 35962.690 GC heap before
{Heap before GC invocations=6465 (full 0):
 garbage-first heap   total 131072K, used 77467K [0x0000000081e00000, 0x0000000100000000)
  region size 1024K, 76 young (77824K), 1 survivors (1024K)
 Metaspace       used 4294K, capacity 4630K, committed 4864K, reserved 1056768K
  class space    used 374K, capacity 390K, committed 512K, reserved 1048576K
}
Event: 35962.691 GC heap after
{Heap after GC invocations=6466 (full 0):
 garbage-first heap   total 131072K, used 667K [0x0000000081e00000, 0x0000000100000000)
  region size 1024K, 1 young (1024K), 1 survivors (1024K)
 Metaspace       used 4294K, capacity 4630K, committed 4864K, reserved 1056768K
  class space    used 374K, capacity 390K, committed 512K, reserved 1048576K
}
Event: 35965.322 GC heap before
{Heap before GC invocations=6466 (full 0):
 garbage-first heap   total 131072K, used 77467K [0x0000000081e00000, 0x0000000100000000)
  region size 1024K, 76 young (77824K), 1 survivors (1024K)
 Metaspace       used 4294K, capacity 4630K, committed 4864K, reserved 1056768K
  class space    used 374K, capacity 390K, committed 512K, reserved 1048576K
}
Event: 35965.322 GC heap after
{Heap after GC invocations=6467 (full 0):
 garbage-first heap   total 131072K, used 667K [0x0000000081e00000, 0x0000000100000000)
  region size 1024K, 1 young (1024K), 1 survivors (1024K)
 Metaspace       used 4294K, capacity 4630K, committed 4864K, reserved 1056768K
  class space    used 374K, capacity 390K, committed 512K, reserved 1048576K
}
Event: 35968.027 GC heap before
{Heap before GC invocations=6467 (full 0):
 garbage-first heap   total 131072K, used 77467K [0x0000000081e00000, 0x0000000100000000)
  region size 1024K, 76 young (77824K), 1 survivors (1024K)
 Metaspace       used 4294K, capacity 4630K, committed 4864K, reserved 1056768K
  class space    used 374K, capacity 390K, committed 512K, reserved 1048576K
}
Event: 35968.027 GC heap after
{Heap after GC invocations=6468 (full 0):
 garbage-first heap   total 131072K, used 667K [0x0000000081e00000, 0x0000000100000000)
  region size 1024K, 1 young (1024K), 1 survivors (1024K)
 Metaspace       used 4294K, capacity 4630K, committed 4864K, reserved 1056768K
  class space    used 374K, capacity 390K, committed 512K, reserved 1048576K
}
Event: 35970.512 GC heap before
{Heap before GC invocations=6468 (full 0):
 garbage-first heap   total 131072K, used 77467K [0x0000000081e00000, 0x0000000100000000)
  region size 1024K, 76 young (77824K), 1 survivors (1024K)
 Metaspace       used 4294K, capacity 4630K, committed 4864K, reserved 1056768K
  class space    used 374K, capacity 390K, committed 512K, reserved 1048576K
}
Event: 35970.516 GC heap after
{Heap after GC invocations=6469 (full 0):
 garbage-first heap   total 131072K, used 711K [0x0000000081e00000, 0x0000000100000000)
  region size 1024K, 1 young (1024K), 1 survivors (1024K)
 Metaspace       used 4294K, capacity 4630K, committed 4864K, reserved 1056768K
  class space    used 374K, capacity 390K, committed 512K, reserved 1048576K
}

